<?xml version="1.0" encoding="UTF-8" ?>
<testsuite tests="6" failures="0" name="UserServiceTest" time="0.99" errors="0" skipped="0">
  <properties>
[...]
</properties>
  <testcase classname="UserServiceTest" name="saveUser" time="0.598"/>
  <testcase classname="UserServiceTest" name="removeUserById" time="0.111"/>
  <testcase classname="UserServiceTest" name="getAllUsers" time="0.099"/>
  <testcase classname="UserServiceTest" name="dropUsersTable" time="0.041"/>
  <testcase classname="UserServiceTest" name="createUsersTable" time="0.042"/>
  <testcase classname="UserServiceTest" name="cleanUsersTable" time="0.099"/>
</testsuite>